#
# There is insufficient memory for the Java Runtime Environment to continue.
# Native memory allocation (malloc) failed to allocate 1473824 bytes for Chunk::new
# Possible reasons:
#   The system is out of physical RAM or swap space
#   The process is running with CompressedOops enabled, and the Java Heap may be blocking the growth of the native heap
# Possible solutions:
#   Reduce memory load on the system
#   Increase physical memory or swap space
#   Check if swap backing store is full
#   Decrease Java heap size (-Xmx/-Xms)
#   Decrease number of Java threads
#   Decrease Java thread stack sizes (-Xss)
#   Set larger code cache with -XX:ReservedCodeCacheSize=
#   JVM is running with Unscaled Compressed Oops mode in which the Java heap is
#     placed in the first 4GB address space. The Java Heap base address is the
#     maximum limit for the native heap growth. Please use -XX:HeapBaseMinAddress
#     to set the Java Heap base and to place the Java Heap above 4GB virtual address.
# This output file may be truncated or incomplete.
#
#  Out of Memory Error (allocation.cpp:389), pid=22748, tid=0x0000000000005b7c
#
# JRE version: OpenJDK Runtime Environment (8.0_242-b01) (build 1.8.0_242-release-1644-b01)
# Java VM: OpenJDK 64-Bit Server VM (25.242-b01 mixed mode windows-amd64 compressed oops)
# Failed to write core dump. Minidumps are not enabled by default on client versions of Windows
#

---------------  T H R E A D  ---------------

Current thread (0x000000001868f800):  JavaThread "C2 CompilerThread2" daemon [_thread_in_native, id=23420, stack(0x0000000019180000,0x0000000019280000)]

Stack: [0x0000000019180000,0x0000000019280000]
[error occurred during error reporting (printing stack bounds), id 0xc0000005]

Native frames: (J=compiled Java code, j=interpreted, Vv=VM code, C=native code)


Current CompileTask:
C2:8565691 21001       4       org.objectweb.asm.commons.ClassRemapper::visitMethod (76 bytes)


---------------  P R O C E S S  ---------------

Java Threads: ( => current thread )
  0x00000000208d7800 JavaThread "Cache worker for Build Output Cleanup Cache (C:\Users\steve\AndroidStudioProjects\Meteo-Mobile\.gradle\buildOutputCleanup)" [_thread_blocked, id=1804, stack(0x0000000029eb0000,0x0000000029fb0000)]
  0x00000000208db800 JavaThread "Build operations Thread 8" [_thread_blocked, id=25132, stack(0x00000000299b0000,0x0000000029ab0000)]
  0x00000000208dc000 JavaThread "Build operations Thread 7" [_thread_blocked, id=10664, stack(0x00000000298b0000,0x00000000299b0000)]
  0x000000001ddf2800 JavaThread "Build operations Thread 6" [_thread_blocked, id=26640, stack(0x0000000029110000,0x0000000029210000)]
  0x000000001ddf1000 JavaThread "Build operations Thread 5" [_thread_blocked, id=13716, stack(0x0000000028c10000,0x0000000028d10000)]
  0x000000001ddf1800 JavaThread "Build operations Thread 4" [_thread_blocked, id=17612, stack(0x0000000028110000,0x0000000028210000)]
  0x000000001ddef800 JavaThread "Build operations Thread 3" [_thread_in_vm, id=12224, stack(0x0000000027f10000,0x0000000028010000)]
  0x000000001dde7000 JavaThread "Build operations Thread 2" [_thread_blocked, id=4124, stack(0x0000000027770000,0x0000000027870000)]
  0x000000001ddee000 JavaThread "Build operations" [_thread_in_native, id=28168, stack(0x00000000263d0000,0x00000000264d0000)]
  0x000000001dde6800 JavaThread "Cache worker for cache directory md-rule (C:\Users\steve\.gradle\caches\5.6.4\md-rule)" [_thread_blocked, id=6288, stack(0x00000000238e0000,0x00000000239e0000)]
  0x000000001dde5800 JavaThread "Cache worker for cache directory md-supplier (C:\Users\steve\.gradle\caches\5.6.4\md-supplier)" [_thread_blocked, id=13268, stack(0x00000000231e0000,0x00000000232e0000)]
  0x000000001ddec800 JavaThread "Cache worker for file hash cache (C:\Users\steve\AndroidStudioProjects\Meteo-Mobile\.gradle\5.6.4\fileHashes)" [_thread_blocked, id=27000, stack(0x00000000230e0000,0x00000000231e0000)]
  0x000000001dde8800 JavaThread "Thread-297" [_thread_blocked, id=10908, stack(0x0000000022fe0000,0x00000000230e0000)]
  0x000000001ddeb800 JavaThread "Stdin handler" [_thread_blocked, id=12016, stack(0x0000000020e70000,0x0000000020f70000)]
  0x000000001dde5000 JavaThread "Asynchronous log dispatcher for DefaultDaemonConnection: socket connection from /127.0.0.1:13879 to /127.0.0.1:20743" [_thread_blocked, id=18160, stack(0x000000001fb70000,0x000000001fc70000)]
  0x000000001dde8000 JavaThread "Daemon worker Thread 7" [_thread_blocked, id=18760, stack(0x000000001ccd0000,0x000000001cdd0000)]
  0x000000001dde4000 JavaThread "Cancel handler" [_thread_blocked, id=16580, stack(0x000000001c7d0000,0x000000001c8d0000)]
  0x000000001dde9800 JavaThread "Handler for socket connection from /127.0.0.1:13879 to /127.0.0.1:20743" [_thread_in_native, id=20676, stack(0x000000001c6d0000,0x000000001c7d0000)]
  0x000000001dde3800 JavaThread "Daemon Thread 7" [_thread_blocked, id=27568, stack(0x0000000000c60000,0x0000000000d60000)]
  0x00000000208e4800 JavaThread "Cache worker for Java compile cache (C:\Users\steve\.gradle\caches\5.6.4\javaCompile)" [_thread_blocked, id=11896, stack(0x0000000028010000,0x0000000028110000)]
  0x000000001d88e800 JavaThread "Cache worker for file content cache (C:\Users\steve\.gradle\caches\5.6.4\fileContent)" [_thread_blocked, id=2880, stack(0x0000000024500000,0x0000000024600000)]
  0x000000001d88b800 JavaThread "Memory manager" [_thread_blocked, id=25364, stack(0x00000000241e0000,0x00000000242e0000)]
  0x000000001d887000 JavaThread "Cache worker for execution history cache (C:\Users\steve\.gradle\caches\5.6.4\executionHistory)" [_thread_blocked, id=23264, stack(0x0000000020f70000,0x0000000021070000)]
  0x000000001869a000 JavaThread "Cache worker for journal cache (C:\Users\steve\.gradle\caches\journal-1)" [_thread_blocked, id=12972, stack(0x000000001d4d0000,0x000000001d5d0000)]
  0x0000000018696800 JavaThread "File lock request listener" [_thread_in_native, id=2412, stack(0x000000001d3d0000,0x000000001d4d0000)]
  0x000000001b171000 JavaThread "Cache worker for file hash cache (C:\Users\steve\.gradle\caches\5.6.4\fileHashes)" [_thread_blocked, id=24596, stack(0x000000001d2d0000,0x000000001d3d0000)]
  0x000000001af62000 JavaThread "Daemon periodic checks" [_thread_blocked, id=8848, stack(0x000000001c5d0000,0x000000001c6d0000)]
  0x000000001af5e800 JavaThread "Incoming local TCP Connector on port 13879" [_thread_in_native, id=4388, stack(0x000000001c360000,0x000000001c460000)]
  0x000000001af0f000 JavaThread "Daemon health stats" [_thread_blocked, id=18632, stack(0x000000001bd20000,0x000000001be20000)]
  0x0000000018722000 JavaThread "Service Thread" daemon [_thread_blocked, id=9320, stack(0x0000000019380000,0x0000000019480000)]
  0x0000000018695800 JavaThread "C1 CompilerThread3" daemon [_thread_blocked, id=2740, stack(0x0000000019280000,0x0000000019380000)]
=>0x000000001868f800 JavaThread "C2 CompilerThread2" daemon [_thread_in_native, id=23420, stack(0x0000000019180000,0x0000000019280000)]
  0x0000000018689800 JavaThread "C2 CompilerThread1" daemon [_thread_in_native, id=5736, stack(0x0000000019080000,0x0000000019180000)]
  0x0000000018687000 JavaThread "C2 CompilerThread0" daemon [_thread_in_native, id=22924, stack(0x0000000018f80000,0x0000000019080000)]
  0x0000000018681000 JavaThread "Attach Listener" daemon [_thread_blocked, id=11564, stack(0x0000000018e80000,0x0000000018f80000)]
  0x0000000018680000 JavaThread "Signal Dispatcher" daemon [_thread_blocked, id=20852, stack(0x0000000018d80000,0x0000000018e80000)]
  0x0000000002aad800 JavaThread "Finalizer" daemon [_thread_blocked, id=23432, stack(0x0000000018b50000,0x0000000018c50000)]
  0x0000000018670800 JavaThread "Reference Handler" daemon [_thread_blocked, id=19356, stack(0x0000000018a50000,0x0000000018b50000)]
  0x00000000029b2800 JavaThread "main" [_thread_blocked, id=22148, stack(0x00000000028a0000,0x00000000029a0000)]

Other Threads:
  0x0000000016866800 VMThread [stack: 0x0000000018550000,0x0000000018650000] [id=24864]
  0x0000000018723000 WatcherThread [stack: 0x0000000019480000,0x0000000019580000] [id=2044]

VM state:not at safepoint (normal execution)

VM Mutex/Monitor currently owned by a thread: None

heap address: 0x00000000a0000000, size: 1536 MB, Compressed Oops mode: 32-bit
Narrow klass base: 0x0000000000000000, Narrow klass shift: 3
Compressed class space size: 1073741824 Address: 0x0000000100000000

Heap:
 PSYoungGen      total 373248K, used 158479K [0x00000000e0000000, 0x00000000fe680000, 0x0000000100000000)
  eden space 304640K, 40% used [0x00000000e0000000,0x00000000e77b80b0,0x00000000f2980000)
  from space 68608K, 52% used [0x00000000f2980000,0x00000000f4c8bda8,0x00000000f6c80000)
  to   space 66560K, 0% used [0x00000000fa580000,0x00000000fa580000,0x00000000fe680000)
 ParOldGen       total 335872K, used 92587K [0x00000000a0000000, 0x00000000b4800000, 0x00000000e0000000)
  object space 335872K, 27% used [0x00000000a0000000,0x00000000a5a6ae90,0x00000000b4800000)
 Metaspace       used 128944K, capacity 135421K, committed 135488K, reserved 1167360K
  class space    used 16875K, capacity 18215K, committed 18240K, reserved 1048576K

Card table byte_map: [0x0000000011e70000,0x0000000012180000] byte_map_base: 0x0000000011970000

Marking Bits: (ParMarkBitMap*) 0x0000000053b7f030
 Begin Bits: [0x0000000012b80000, 0x0000000014380000)
 End Bits:   [0x0000000014380000, 0x0000000015b80000)

Polling page: 0x0000000000fe0000

CodeCache: size=245760Kb used=57187Kb max_used=57399Kb free=188572Kb
 bounds [0x0000000002ab0000, 0x0000000006320000, 0x0000000011ab0000]
 total_blobs=17599 nmethods=16663 adapters=847
 compilation: enabled

Compilation events (10 events):
Event: 8565.666 Thread 0x0000000018695800 21084       3       java.util.zip.DeflaterOutputStream::write (88 bytes)
Event: 8565.666 Thread 0x0000000018695800 nmethod 21084 0x000000000472d810 code [0x000000000472da00, 0x000000000472e5b8]
Event: 8565.679 Thread 0x0000000018695800 21085       2       java.util.concurrent.TimeUnit$4::toMillis (11 bytes)
Event: 8565.679 Thread 0x0000000018695800 nmethod 21085 0x0000000005c9aa90 code [0x0000000005c9abe0, 0x0000000005c9ad90]
Event: 8565.686 Thread 0x0000000018695800 21086       2       java.util.concurrent.TimeUnit$4::toSeconds (2 bytes)
Event: 8565.686 Thread 0x0000000018695800 nmethod 21086 0x0000000005d5d290 code [0x0000000005d5d3e0, 0x0000000005d5d530]
Event: 8565.686 Thread 0x0000000018695800 21087       2       java.util.concurrent.TimeUnit$1::toSeconds (6 bytes)
Event: 8565.686 Thread 0x0000000018695800 nmethod 21087 0x0000000004b49d90 code [0x0000000004b49ee0, 0x0000000004b4a050]
Event: 8565.689 Thread 0x0000000018695800 21088       2       java.time.Clock$SystemClock::<init> (10 bytes)
Event: 8565.689 Thread 0x0000000018695800 nmethod 21088 0x0000000004d94350 code [0x0000000004d944a0, 0x0000000004d94610]

GC Heap History (10 events):
Event: 8561.427 GC heap before
{Heap before GC invocations=25 (full 4):
 PSYoungGen      total 295424K, used 286029K [0x00000000e0000000, 0x00000000f5200000, 0x0000000100000000)
  eden space 256000K, 100% used [0x00000000e0000000,0x00000000efa00000,0x00000000efa00000)
  from space 39424K, 76% used [0x00000000f2200000,0x00000000f3f53478,0x00000000f4880000)
  to   space 40960K, 0% used [0x00000000efa00000,0x00000000efa00000,0x00000000f2200000)
 ParOldGen       total 335872K, used 66127K [0x00000000a0000000, 0x00000000b4800000, 0x00000000e0000000)
  object space 335872K, 19% used [0x00000000a0000000,0x00000000a4093d98,0x00000000b4800000)
 Metaspace       used 125659K, capacity 132029K, committed 132160K, reserved 1163264K
  class space    used 16555K, capacity 17881K, committed 17984K, reserved 1048576K
Event: 8561.454 GC heap after
Heap after GC invocations=25 (full 4):
 PSYoungGen      total 296960K, used 40948K [0x00000000e0000000, 0x00000000f6880000, 0x0000000100000000)
  eden space 256000K, 0% used [0x00000000e0000000,0x00000000e0000000,0x00000000efa00000)
  from space 40960K, 99% used [0x00000000efa00000,0x00000000f21fd160,0x00000000f2200000)
  to   space 49152K, 0% used [0x00000000f3880000,0x00000000f3880000,0x00000000f6880000)
 ParOldGen       total 335872K, used 73137K [0x00000000a0000000, 0x00000000b4800000, 0x00000000e0000000)
  object space 335872K, 21% used [0x00000000a0000000,0x00000000a476c728,0x00000000b4800000)
 Metaspace       used 125659K, capacity 132029K, committed 132160K, reserved 1163264K
  class space    used 16555K, capacity 17881K, committed 17984K, reserved 1048576K
}
Event: 8564.069 GC heap before
{Heap before GC invocations=26 (full 4):
 PSYoungGen      total 296960K, used 296948K [0x00000000e0000000, 0x00000000f6880000, 0x0000000100000000)
  eden space 256000K, 100% used [0x00000000e0000000,0x00000000efa00000,0x00000000efa00000)
  from space 40960K, 99% used [0x00000000efa00000,0x00000000f21fd160,0x00000000f2200000)
  to   space 49152K, 0% used [0x00000000f3880000,0x00000000f3880000,0x00000000f6880000)
 ParOldGen       total 335872K, used 73137K [0x00000000a0000000, 0x00000000b4800000, 0x00000000e0000000)
  object space 335872K, 21% used [0x00000000a0000000,0x00000000a476c728,0x00000000b4800000)
 Metaspace       used 128341K, capacity 134875K, committed 134976K, reserved 1165312K
  class space    used 16834K, capacity 18146K, committed 18240K, reserved 1048576K
Event: 8564.117 GC heap after
Heap after GC invocations=26 (full 4):
 PSYoungGen      total 313344K, used 49137K [0x00000000e0000000, 0x00000000f7e00000, 0x0000000100000000)
  eden space 264192K, 0% used [0x00000000e0000000,0x00000000e0000000,0x00000000f0200000)
  from space 49152K, 99% used [0x00000000f3880000,0x00000000f687c4c0,0x00000000f6880000)
  to   space 55808K, 0% used [0x00000000f0200000,0x00000000f0200000,0x00000000f3880000)
 ParOldGen       total 335872K, used 73766K [0x00000000a0000000, 0x00000000b4800000, 0x00000000e0000000)
  object space 335872K, 21% used [0x00000000a0000000,0x00000000a4809898,0x00000000b4800000)
 Metaspace       used 128341K, capacity 134875K, committed 134976K, reserved 1165312K
  class space    used 16834K, capacity 18146K, committed 18240K, reserved 1048576K
}
Event: 8564.677 GC heap before
{Heap before GC invocations=27 (full 4):
 PSYoungGen      total 313344K, used 313329K [0x00000000e0000000, 0x00000000f7e00000, 0x0000000100000000)
  eden space 264192K, 100% used [0x00000000e0000000,0x00000000f0200000,0x00000000f0200000)
  from space 49152K, 99% used [0x00000000f3880000,0x00000000f687c4c0,0x00000000f6880000)
  to   space 55808K, 0% used [0x00000000f0200000,0x00000000f0200000,0x00000000f3880000)
 ParOldGen       total 335872K, used 75030K [0x00000000a0000000, 0x00000000b4800000, 0x00000000e0000000)
  object space 335872K, 22% used [0x00000000a0000000,0x00000000a4945910,0x00000000b4800000)
 Metaspace       used 128787K, capacity 135275K, committed 135488K, reserved 1167360K
  class space    used 16871K, capacity 18212K, committed 18240K, reserved 1048576K
Event: 8564.713 GC heap after
Heap after GC invocations=27 (full 4):
 PSYoungGen      total 320000K, used 50684K [0x00000000e0000000, 0x00000000fa900000, 0x0000000100000000)
  eden space 264192K, 0% used [0x00000000e0000000,0x00000000e0000000,0x00000000f0200000)
  from space 55808K, 90% used [0x00000000f0200000,0x00000000f337f140,0x00000000f3880000)
  to   space 61952K, 0% used [0x00000000f6c80000,0x00000000f6c80000,0x00000000fa900000)
 ParOldGen       total 335872K, used 75038K [0x00000000a0000000, 0x00000000b4800000, 0x00000000e0000000)
  object space 335872K, 22% used [0x00000000a0000000,0x00000000a4947910,0x00000000b4800000)
 Metaspace       used 128787K, capacity 135275K, committed 135488K, reserved 1167360K
  class space    used 16871K, capacity 18212K, committed 18240K, reserved 1048576K
}
Event: 8565.002 GC heap before
{Heap before GC invocations=28 (full 4):
 PSYoungGen      total 320000K, used 314876K [0x00000000e0000000, 0x00000000fa900000, 0x0000000100000000)
  eden space 264192K, 100% used [0x00000000e0000000,0x00000000f0200000,0x00000000f0200000)
  from space 55808K, 90% used [0x00000000f0200000,0x00000000f337f140,0x00000000f3880000)
  to   space 61952K, 0% used [0x00000000f6c80000,0x00000000f6c80000,0x00000000fa900000)
 ParOldGen       total 335872K, used 75041K [0x00000000a0000000, 0x00000000b4800000, 0x00000000e0000000)
  object space 335872K, 22% used [0x00000000a0000000,0x00000000a49486e0,0x00000000b4800000)
 Metaspace       used 128889K, capacity 135421K, committed 135488K, reserved 1167360K
  class space    used 16875K, capacity 18215K, committed 18240K, reserved 1048576K
Event: 8565.043 GC heap after
Heap after GC invocations=28 (full 4):
 PSYoungGen      total 366592K, used 55978K [0x00000000e0000000, 0x00000000fcb00000, 0x0000000100000000)
  eden space 304640K, 0% used [0x00000000e0000000,0x00000000e0000000,0x00000000f2980000)
  from space 61952K, 90% used [0x00000000f6c80000,0x00000000fa32a918,0x00000000fa900000)
  to   space 68608K, 0% used [0x00000000f2980000,0x00000000f2980000,0x00000000f6c80000)
 ParOldGen       total 335872K, used 75049K [0x00000000a0000000, 0x00000000b4800000, 0x00000000e0000000)
  object space 335872K, 22% used [0x00000000a0000000,0x00000000a494a6e0,0x00000000b4800000)
 Metaspace       used 128889K, capacity 135421K, committed 135488K, reserved 1167360K
  class space    used 16875K, capacity 18215K, committed 18240K, reserved 1048576K
}
Event: 8565.488 GC heap before
{Heap before GC invocations=29 (full 4):
 PSYoungGen      total 366592K, used 360618K [0x00000000e0000000, 0x00000000fcb00000, 0x0000000100000000)
  eden space 304640K, 100% used [0x00000000e0000000,0x00000000f2980000,0x00000000f2980000)
  from space 61952K, 90% used [0x00000000f6c80000,0x00000000fa32a918,0x00000000fa900000)
  to   space 68608K, 0% used [0x00000000f2980000,0x00000000f2980000,0x00000000f6c80000)
 ParOldGen       total 335872K, used 75113K [0x00000000a0000000, 0x00000000b4800000, 0x00000000e0000000)
  object space 335872K, 22% used [0x00000000a0000000,0x00000000a495a6f0,0x00000000b4800000)
 Metaspace       used 128915K, capacity 135421K, committed 135488K, reserved 1167360K
  class space    used 16875K, capacity 18215K, committed 18240K, reserved 1048576K
Event: 8565.517 GC heap after
Heap after GC invocations=29 (full 4):
 PSYoungGen      total 373248K, used 35887K [0x00000000e0000000, 0x00000000fe680000, 0x0000000100000000)
  eden space 304640K, 0% used [0x00000000e0000000,0x00000000e0000000,0x00000000f2980000)
  from space 68608K, 52% used [0x00000000f2980000,0x00000000f4c8bda8,0x00000000f6c80000)
  to   space 66560K, 0% used [0x00000000fa580000,0x00000000fa580000,0x00000000fe680000)
 ParOldGen       total 335872K, used 92587K [0x00000000a0000000, 0x00000000b4800000, 0x00000000e0000000)
  object space 335872K, 27% used [0x00000000a0000000,0x00000000a5a6ae90,0x00000000b4800000)
 Metaspace       used 128915K, capacity 135421K, committed 135488K, reserved 1167360K
  class space    used 16875K, capacity 18215K, committed 18240K, reserved 1048576K
}

Deoptimization events (10 events):
Event: 8564.276 Thread 0x000000001ddf2800 Uncommon trap: reason=bimorphic action=maybe_recompile pc=0x0000000004a51bf4 method=java.io.BufferedOutputStream.flushBuffer()V @ 20
Event: 8564.377 Thread 0x00000000208db800 Uncommon trap: reason=unstable_if action=reinterpret pc=0x0000000002c2e524 method=java.io.BufferedOutputStream.write(I)V @ 9
Event: 8564.592 Thread 0x000000001ddf1800 Uncommon trap: reason=class_check action=maybe_recompile pc=0x0000000004ca38c0 method=org.gradle.internal.execution.steps.ResolveCachingStateStep$2.getOutcome()Lorg/gradle/internal/Try; @ 4
Event: 8564.861 Thread 0x000000001ddef800 Uncommon trap: reason=unstable_if action=reinterpret pc=0x000000000542451c method=com.android.tools.build.jetifier.core.config.Config.isEligibleForRewrite(Lcom/android/tools/build/jetifier/core/type/JavaType;)Z @ 14
Event: 8564.902 Thread 0x000000001dde7000 Uncommon trap: reason=unstable_if action=reinterpret pc=0x0000000003c51038 method=java.util.regex.Pattern$BitClass.isSatisfiedBy(I)Z @ 4
Event: 8564.903 Thread 0x000000001dde7000 Uncommon trap: reason=unstable_if action=reinterpret pc=0x0000000003151a0c method=java.util.regex.Pattern$Ctype.isSatisfiedBy(I)Z @ 4
Event: 8565.050 Thread 0x000000001dde7000 Uncommon trap: reason=unstable_if action=reinterpret pc=0x0000000005a9ecf0 method=java.lang.Character.isSurrogate(C)Z @ 3
Event: 8565.050 Thread 0x000000001dde7000 Uncommon trap: reason=unstable_if action=reinterpret pc=0x000000000375623c method=java.lang.Character.isHighSurrogate(C)Z @ 3
Event: 8565.051 Thread 0x000000001dde7000 Uncommon trap: reason=unstable_if action=reinterpret pc=0x0000000003047ad8 method=java.lang.Character.isHighSurrogate(C)Z @ 3
Event: 8565.051 Thread 0x000000001dde7000 Uncommon trap: reason=unstable_if action=reinterpret pc=0x000000000359fc30 method=java.lang.Character.isHighSurrogate(C)Z @ 3

Classes redefined (0 events):
No events

Internal exceptions (10 events):
Event: 8565.420 Thread 0x000000001ddee000 Exception <a 'sun/nio/fs/WindowsException'> (0x00000000f06f9a08) thrown at [C:\src\AOSP-openjdk-git\hotspot\src\share\vm\prims\jni.cpp, line 710]
Event: 8565.434 Thread 0x000000001ddf1800 Exception <a 'sun/nio/fs/WindowsException'> (0x00000000e647d6b8) thrown at [C:\src\AOSP-openjdk-git\hotspot\src\share\vm\prims\jni.cpp, line 710]
Event: 8565.518 Thread 0x00000000208db800 Exception <a 'sun/nio/fs/WindowsException'> (0x00000000e02bf520) thrown at [C:\src\AOSP-openjdk-git\hotspot\src\share\vm\prims\jni.cpp, line 710]
Event: 8565.521 Thread 0x000000001ddf1800 Exception <a 'sun/nio/fs/WindowsException'> (0x00000000e04dd418) thrown at [C:\src\AOSP-openjdk-git\hotspot\src\share\vm\prims\jni.cpp, line 710]
Event: 8565.557 Thread 0x000000001ddf1800 Exception <a 'sun/nio/fs/WindowsException'> (0x00000000e04f9620) thrown at [C:\src\AOSP-openjdk-git\hotspot\src\share\vm\prims\jni.cpp, line 710]
Event: 8565.558 Thread 0x00000000208db800 Exception <a 'sun/nio/fs/WindowsException'> (0x00000000e07e0830) thrown at [C:\src\AOSP-openjdk-git\hotspot\src\share\vm\prims\jni.cpp, line 710]
Event: 8565.634 Thread 0x000000001ddee000 Exception <a 'sun/nio/fs/WindowsException'> (0x00000000e5ea5608) thrown at [C:\src\AOSP-openjdk-git\hotspot\src\share\vm\prims\jni.cpp, line 710]
Event: 8565.634 Thread 0x000000001ddee000 Exception <a 'sun/nio/fs/WindowsException'> (0x00000000e5ea5e20) thrown at [C:\src\AOSP-openjdk-git\hotspot\src\share\vm\prims\jni.cpp, line 710]
Event: 8565.635 Thread 0x000000001ddee000 Exception <a 'sun/nio/fs/WindowsException'> (0x00000000e5ea7878) thrown at [C:\src\AOSP-openjdk-git\hotspot\src\share\vm\prims\jni.cpp, line 710]
Event: 8565.635 Thread 0x000000001ddee000 Exception <a 'sun/nio/fs/WindowsException'> (0x00000000e5ea81b8) thrown at [C:\src\AOSP-openjdk-git\hotspot\src\share\vm\prims\jni.cpp, line 710]

Events (10 events):
Event: 8565.662 Thread 0x000000001ddef800 DEOPT PACKING pc=0x00000000060d788c sp=0x000000002800b9d0
Event: 8565.662 Thread 0x000000001ddef800 DEOPT UNPACKING pc=0x0000000002af75d0 sp=0x000000002800b8c8 mode 0
Event: 8565.673 Thread 0x000000001ddef800 DEOPT PACKING pc=0x00000000060d788c sp=0x000000002800b9d0
Event: 8565.673 Thread 0x000000001ddef800 DEOPT UNPACKING pc=0x0000000002af75d0 sp=0x000000002800b8c8 mode 0
Event: 8565.677 Thread 0x000000001ddef800 DEOPT PACKING pc=0x00000000060d788c sp=0x000000002800b9d0
Event: 8565.677 Thread 0x000000001ddef800 DEOPT UNPACKING pc=0x0000000002af75d0 sp=0x000000002800b8c8 mode 0
Event: 8565.682 Thread 0x000000001ddef800 DEOPT PACKING pc=0x00000000060d788c sp=0x000000002800b9d0
Event: 8565.682 Thread 0x000000001ddef800 DEOPT UNPACKING pc=0x0000000002af75d0 sp=0x000000002800b8c8 mode 0
Event: 8565.687 Thread 0x000000001ddef800 DEOPT PACKING pc=0x00000000060d788c sp=0x000000002800b9d0
Event: 8565.687 Thread 0x000000001ddef800 DEOPT UNPACKING pc=0x0000000002af75d0 sp=0x000000002800b8c8 mode 0


Dynamic libraries:
0x00007ff79cbf0000 - 0x00007ff79cc21000 	C:\Program Files\Android\Android Studio1\jre\bin\java.exe
0x00007ffcab240000 - 0x00007ffcab430000 	C:\WINDOWS\SYSTEM32\ntdll.dll
0x00007ffcaa550000 - 0x00007ffcaa602000 	C:\WINDOWS\System32\KERNEL32.DLL
0x00007ffca8c90000 - 0x00007ffca8f35000 	C:\WINDOWS\System32\KERNELBASE.dll
0x00007ffcaa300000 - 0x00007ffcaa3a3000 	C:\WINDOWS\System32\ADVAPI32.dll
0x00007ffcaa930000 - 0x00007ffcaa9ce000 	C:\WINDOWS\System32\msvcrt.dll
0x00007ffca9320000 - 0x00007ffca93b7000 	C:\WINDOWS\System32\sechost.dll
0x00007ffca99f0000 - 0x00007ffca9b0f000 	C:\WINDOWS\System32\RPCRT4.dll
0x00007ffcaa610000 - 0x00007ffcaa7a4000 	C:\WINDOWS\System32\USER32.dll
0x00007ffca84b0000 - 0x00007ffca84d1000 	C:\WINDOWS\System32\win32u.dll
0x00007ffca92f0000 - 0x00007ffca9316000 	C:\WINDOWS\System32\GDI32.dll
0x00007ffca9030000 - 0x00007ffca91c8000 	C:\WINDOWS\System32\gdi32full.dll
0x00007ffca8f40000 - 0x00007ffca8fde000 	C:\WINDOWS\System32\msvcp_win.dll
0x00007ffca91d0000 - 0x00007ffca92ca000 	C:\WINDOWS\System32\ucrtbase.dll
0x00007ffc99f30000 - 0x00007ffc9a1b4000 	C:\WINDOWS\WinSxS\amd64_microsoft.windows.common-controls_6595b64144ccf1df_6.0.18362.1379_none_9e7ff3b3e45cc0c4\COMCTL32.dll
0x00007ffca9430000 - 0x00007ffca9767000 	C:\WINDOWS\System32\combase.dll
0x00007ffca81c0000 - 0x00007ffca8241000 	C:\WINDOWS\System32\bcryptPrimitives.dll
0x00007ffcaa2d0000 - 0x00007ffcaa2fe000 	C:\WINDOWS\System32\IMM32.DLL
0x0000000050ff0000 - 0x00000000510c2000 	C:\Program Files\Android\Android Studio1\jre\jre\bin\msvcr100.dll
0x00000000533b0000 - 0x0000000053bfb000 	C:\Program Files\Android\Android Studio1\jre\jre\bin\server\jvm.dll
0x00007ffcaa7b0000 - 0x00007ffcaa7b8000 	C:\WINDOWS\System32\PSAPI.DLL
0x00007ffca3810000 - 0x00007ffca3819000 	C:\WINDOWS\SYSTEM32\WSOCK32.dll
0x00007ffca35e0000 - 0x00007ffca3604000 	C:\WINDOWS\SYSTEM32\WINMM.dll
0x00007ffc9f7b0000 - 0x00007ffc9f7ba000 	C:\WINDOWS\SYSTEM32\VERSION.dll
0x00007ffca9cd0000 - 0x00007ffca9d3f000 	C:\WINDOWS\System32\WS2_32.dll
0x00007ffca3560000 - 0x00007ffca358d000 	C:\WINDOWS\SYSTEM32\WINMMBASE.dll
0x00007ffca8fe0000 - 0x00007ffca902a000 	C:\WINDOWS\System32\cfgmgr32.dll
0x00007ffca6220000 - 0x00007ffca622f000 	C:\Program Files\Android\Android Studio1\jre\jre\bin\verify.dll
0x00007ffca2170000 - 0x00007ffca2199000 	C:\Program Files\Android\Android Studio1\jre\jre\bin\java.dll
0x00007ffca3290000 - 0x00007ffca32a6000 	C:\Program Files\Android\Android Studio1\jre\jre\bin\zip.dll
0x00007ffcaa9d0000 - 0x00007ffcab0b8000 	C:\WINDOWS\System32\SHELL32.dll
0x00007ffca9d40000 - 0x00007ffca9de7000 	C:\WINDOWS\System32\shcore.dll
0x00007ffca8510000 - 0x00007ffca8c8b000 	C:\WINDOWS\System32\windows.storage.dll
0x00007ffca8170000 - 0x00007ffca8193000 	C:\WINDOWS\System32\profapi.dll
0x00007ffca8100000 - 0x00007ffca814a000 	C:\WINDOWS\System32\powrprof.dll
0x00007ffca80f0000 - 0x00007ffca8100000 	C:\WINDOWS\System32\UMPDC.dll
0x00007ffcab1a0000 - 0x00007ffcab1f2000 	C:\WINDOWS\System32\shlwapi.dll
0x00007ffca8150000 - 0x00007ffca8161000 	C:\WINDOWS\System32\kernel.appcore.dll
0x00007ffca92d0000 - 0x00007ffca92e7000 	C:\WINDOWS\System32\cryptsp.dll
0x00007ffca1eb0000 - 0x00007ffca1eca000 	C:\Program Files\Android\Android Studio1\jre\jre\bin\net.dll
0x00007ffca7930000 - 0x00007ffca7997000 	C:\WINDOWS\system32\mswsock.dll
0x00007ffc9abd0000 - 0x00007ffc9abe3000 	C:\Program Files\Android\Android Studio1\jre\jre\bin\nio.dll
0x00007ffc991e0000 - 0x00007ffc99206000 	C:\Users\steve\.gradle\native\30\windows-amd64\native-platform.dll
0x00007ffca6200000 - 0x00007ffca620d000 	C:\Program Files\Android\Android Studio1\jre\jre\bin\management.dll
0x00007ffca74b0000 - 0x00007ffca74e3000 	C:\WINDOWS\system32\rsaenh.dll
0x00007ffca84e0000 - 0x00007ffca8506000 	C:\WINDOWS\System32\bcrypt.dll
0x00007ffca8010000 - 0x00007ffca8035000 	C:\WINDOWS\SYSTEM32\USERENV.dll
0x00007ffca7b00000 - 0x00007ffca7b0c000 	C:\WINDOWS\SYSTEM32\CRYPTBASE.dll
0x00007ffca7640000 - 0x00007ffca767a000 	C:\WINDOWS\SYSTEM32\IPHLPAPI.DLL
0x00007ffcaa7c0000 - 0x00007ffcaa7c8000 	C:\WINDOWS\System32\NSI.dll
0x00007ffca12e0000 - 0x00007ffca12f6000 	C:\WINDOWS\SYSTEM32\dhcpcsvc6.DLL
0x00007ffca0e80000 - 0x00007ffca0e9c000 	C:\WINDOWS\SYSTEM32\dhcpcsvc.DLL
0x00007ffca7680000 - 0x00007ffca774b000 	C:\WINDOWS\SYSTEM32\DNSAPI.dll
0x00007ffca1e20000 - 0x00007ffca1e44000 	C:\Program Files\Android\Android Studio1\jre\jre\bin\sunec.dll
0x00007ffc9a7e0000 - 0x00007ffc9a7ea000 	C:\Windows\System32\rasadhlp.dll
0x00007ffc9f870000 - 0x00007ffc9f8e7000 	C:\WINDOWS\System32\fwpuclnt.dll
0x00007ffca3830000 - 0x00007ffca383b000 	C:\Program Files\Android\Android Studio1\jre\jre\bin\sunmscapi.dll
0x00007ffca8250000 - 0x00007ffca839a000 	C:\WINDOWS\System32\CRYPT32.dll
0x00007ffca81a0000 - 0x00007ffca81b2000 	C:\WINDOWS\System32\MSASN1.dll
0x00007ffca7130000 - 0x00007ffca7161000 	C:\WINDOWS\SYSTEM32\ntmarta.dll

VM Arguments:
jvm_args: -Xmx1536m -Dfile.encoding=windows-1252 -Duser.country=FR -Duser.language=fr -Duser.variant 
java_command: org.gradle.launcher.daemon.bootstrap.GradleDaemon 5.6.4
java_class_path (initial): C:\Users\steve\.gradle\wrapper\dists\gradle-5.6.4-all\ankdp27end7byghfw1q2sw75f\gradle-5.6.4\lib\gradle-launcher-5.6.4.jar
Launcher Type: SUN_STANDARD

Environment Variables:
JAVA_HOME=C:\Program Files\Java\jdk-10.0.1
USERNAME=Moi
OS=Windows_NT
PROCESSOR_IDENTIFIER=Intel64 Family 6 Model 158 Stepping 9, GenuineIntel



---------------  S Y S T E M  ---------------

OS: Windows 10.0 , 64 bit Build 18362 (10.0.18362.1350)

CPU:total 8 (initial active 8) (4 cores per cpu, 2 threads per core) family 6 model 158 stepping 9, cmov, cx8, fxsr, mmx, sse, sse2, sse3, ssse3, sse4.1, sse4.2, popcnt, avx, avx2, aes, clmul, erms, 3dnowpref, lzcnt, ht, tsc, tscinvbit, bmi1, bmi2, adx

Memory: 4k page, physical 16662204k(1274752k free), swap 22806204k(7288k free)

vm_info: OpenJDK 64-Bit Server VM (25.242-b01) for windows-amd64 JRE (1.8.0_242-release-1644-b01), built by "builder" with MS VC++ 10.0 (VS2010)

time: Tue Mar 02 15:12:22 2021
timezone: Paris, Madrid
elapsed time: 8565 seconds (0d 2h 22m 45s)

