#
# There is insufficient memory for the Java Runtime Environment to continue.
# Native memory allocation (malloc) failed to allocate 1206496 bytes for Chunk::new
# Possible reasons:
#   The system is out of physical RAM or swap space
#   The process is running with CompressedOops enabled, and the Java Heap may be blocking the growth of the native heap
# Possible solutions:
#   Reduce memory load on the system
#   Increase physical memory or swap space
#   Check if swap backing store is full
#   Decrease Java heap size (-Xmx/-Xms)
#   Decrease number of Java threads
#   Decrease Java thread stack sizes (-Xss)
#   Set larger code cache with -XX:ReservedCodeCacheSize=
#   JVM is running with Unscaled Compressed Oops mode in which the Java heap is
#     placed in the first 4GB address space. The Java Heap base address is the
#     maximum limit for the native heap growth. Please use -XX:HeapBaseMinAddress
#     to set the Java Heap base and to place the Java Heap above 4GB virtual address.
# This output file may be truncated or incomplete.
#
#  Out of Memory Error (allocation.cpp:389), pid=27900, tid=0x0000000000004248
#
# JRE version: OpenJDK Runtime Environment (8.0_242-b01) (build 1.8.0_242-release-1644-b01)
# Java VM: OpenJDK 64-Bit Server VM (25.242-b01 mixed mode windows-amd64 compressed oops)
# Failed to write core dump. Minidumps are not enabled by default on client versions of Windows
#

---------------  T H R E A D  ---------------

Current thread (0x0000000018df6800):  JavaThread "C2 CompilerThread2" daemon [_thread_in_native, id=16968, stack(0x00000000198e0000,0x00000000199e0000)]

Stack: [0x00000000198e0000,0x00000000199e0000]
[error occurred during error reporting (printing stack bounds), id 0xc0000005]

Native frames: (J=compiled Java code, j=interpreted, Vv=VM code, C=native code)


Current CompileTask:
C2: 329080 21240       4       com.android.utils.PositionXmlParser::getPositionHelper (757 bytes)


---------------  P R O C E S S  ---------------

Java Threads: ( => current thread )
  0x000000001df9f000 JavaThread "stdout" [_thread_new, id=17032, stack(0x0000000000000000,0x0000000000000000)]
  0x000000001df95000 JavaThread "stderr" [_thread_new, id=20036, stack(0x0000000000000000,0x0000000000000000)]
  0x000000001df94800 JavaThread "stdout" [_thread_new, id=11712, stack(0x0000000000000000,0x0000000000000000)]
  0x000000001df98000 JavaThread "stderr" [_thread_in_native, id=3752, stack(0x0000000030e90000,0x0000000030f90000)]
  0x000000001df99800 JavaThread "stdout" [_thread_new, id=20524, stack(0x0000000000000000,0x0000000000000000)]
  0x000000001df97800 JavaThread "stderr" [_thread_new, id=9848, stack(0x0000000000000000,0x0000000000000000)]
  0x000000001df96000 JavaThread "stdout" [_thread_in_native, id=9496, stack(0x0000000030b90000,0x0000000030c90000)]
  0x000000001df93800 JavaThread "stderr" [_thread_in_native, id=21448, stack(0x0000000030a90000,0x0000000030b90000)]
  0x000000001df99000 JavaThread "stdout" [_thread_new, id=16408, stack(0x0000000000000000,0x0000000000000000)]
  0x000000001df96800 JavaThread "stderr" [_thread_new, id=10776, stack(0x0000000000000000,0x0000000000000000)]
  0x000000001a3e4000 JavaThread "stdout" [_thread_in_native, id=9220, stack(0x0000000030790000,0x0000000030890000)]
  0x000000001a3ea000 JavaThread "stderr" [_thread_in_native, id=11108, stack(0x0000000030690000,0x0000000030790000)]
  0x000000001a3e8800 JavaThread "stdout" [_thread_in_native, id=28160, stack(0x00000000298b0000,0x00000000299b0000)]
  0x000000001a3e6000 JavaThread "stderr" [_thread_in_native, id=12140, stack(0x00000000297b0000,0x00000000298b0000)]
  0x00000000210a5000 JavaThread "WorkerExecutor Queue Thread 8" [_thread_blocked, id=15128, stack(0x00000000296b0000,0x00000000297b0000)]
  0x00000000210a4800 JavaThread "WorkerExecutor Queue Thread 7" [_thread_blocked, id=3788, stack(0x0000000030590000,0x0000000030690000)]
  0x00000000210a3000 JavaThread "WorkerExecutor Queue Thread 6" [_thread_blocked, id=21408, stack(0x0000000030490000,0x0000000030590000)]
  0x00000000210a3800 JavaThread "WorkerExecutor Queue Thread 5" [_thread_blocked, id=27032, stack(0x0000000030390000,0x0000000030490000)]
  0x00000000210a2000 JavaThread "WorkerExecutor Queue Thread 4" [_thread_blocked, id=1292, stack(0x0000000030290000,0x0000000030390000)]
  0x00000000210a0800 JavaThread "WorkerExecutor Queue Thread 3" [_thread_blocked, id=15276, stack(0x0000000030190000,0x0000000030290000)]
  0x000000002109f000 JavaThread "WorkerExecutor Queue Thread 2" [_thread_blocked, id=24880, stack(0x0000000030090000,0x0000000030190000)]
  0x0000000021097800 JavaThread "WorkerExecutor Queue" [_thread_blocked, id=14620, stack(0x0000000029a20000,0x0000000029b20000)]
  0x000000002109e800 JavaThread "stdout" [_thread_in_native, id=22500, stack(0x00000000295b0000,0x00000000296b0000)]
  0x0000000021097000 JavaThread "stderr" [_thread_in_native, id=16652, stack(0x00000000294b0000,0x00000000295b0000)]
  0x0000000021099000 JavaThread "pool-25-thread-1" [_thread_blocked, id=22048, stack(0x0000000028f40000,0x0000000029040000)]
  0x0000000021096000 JavaThread "Cache worker for execution history cache (C:\Users\steve\AndroidStudioProjects\Meteo-Mobile\.gradle\5.6.4\executionHistory)" [_thread_blocked, id=26888, stack(0x0000000028e40000,0x0000000028f40000)]
  0x000000001ec9a800 JavaThread "Execution worker for ':' Thread 7" [_thread_blocked, id=24116, stack(0x0000000028d40000,0x0000000028e40000)]
  0x000000001ec9a000 JavaThread "Execution worker for ':' Thread 6" [_thread_blocked, id=14908, stack(0x0000000028c40000,0x0000000028d40000)]
  0x000000001ec97800 JavaThread "Execution worker for ':' Thread 5" [_thread_blocked, id=28648, stack(0x0000000028b40000,0x0000000028c40000)]
  0x000000001ec97000 JavaThread "Execution worker for ':' Thread 4" [_thread_blocked, id=18212, stack(0x0000000028a40000,0x0000000028b40000)]
  0x000000001ec99000 JavaThread "Execution worker for ':' Thread 3" [_thread_blocked, id=17080, stack(0x0000000028940000,0x0000000028a40000)]
  0x000000001ec9b800 JavaThread "Execution worker for ':' Thread 2" [_thread_blocked, id=26676, stack(0x0000000028640000,0x0000000028740000)]
  0x000000001ec8d800 JavaThread "Execution worker for ':'" [_thread_blocked, id=28336, stack(0x0000000028140000,0x0000000028240000)]
  0x000000001ec94800 JavaThread "Cache worker for file content cache (C:\Users\steve\AndroidStudioProjects\Meteo-Mobile\.gradle\5.6.4\fileContent)" [_thread_blocked, id=4380, stack(0x0000000026d00000,0x0000000026e00000)]
  0x000000001ec94000 JavaThread "Cache worker for Build Output Cleanup Cache (C:\Users\steve\AndroidStudioProjects\Meteo-Mobile\.gradle\buildOutputCleanup)" [_thread_blocked, id=10816, stack(0x0000000026030000,0x0000000026130000)]
  0x000000001ec91800 JavaThread "Build operations Thread 8" [_thread_blocked, id=15228, stack(0x0000000023fb0000,0x00000000240b0000)]
  0x000000001ec8f000 JavaThread "Build operations Thread 7" [_thread_blocked, id=22812, stack(0x0000000023eb0000,0x0000000023fb0000)]
  0x000000001ec8d000 JavaThread "Build operations Thread 6" [_thread_blocked, id=7284, stack(0x0000000023db0000,0x0000000023eb0000)]
  0x000000001ec8c000 JavaThread "Build operations Thread 5" [_thread_blocked, id=11780, stack(0x0000000023cb0000,0x0000000023db0000)]
  0x000000001a447000 JavaThread "Build operations Thread 4" [_thread_blocked, id=25308, stack(0x0000000023bb0000,0x0000000023cb0000)]
  0x000000001a446000 JavaThread "Build operations Thread 3" [_thread_blocked, id=4108, stack(0x0000000023ab0000,0x0000000023bb0000)]
  0x000000001a444800 JavaThread "Build operations Thread 2" [_thread_blocked, id=22644, stack(0x00000000239b0000,0x0000000023ab0000)]
  0x000000001a444000 JavaThread "Build operations" [_thread_blocked, id=22280, stack(0x0000000023730000,0x0000000023830000)]
  0x000000001a443000 JavaThread "Cache worker for cache directory md-rule (C:\Users\steve\.gradle\caches\5.6.4\md-rule)" [_thread_blocked, id=1472, stack(0x0000000023630000,0x0000000023730000)]
  0x000000001a442800 JavaThread "Cache worker for cache directory md-supplier (C:\Users\steve\.gradle\caches\5.6.4\md-supplier)" [_thread_blocked, id=20372, stack(0x0000000021d80000,0x0000000021e80000)]
  0x000000001a445800 JavaThread "Cache worker for file hash cache (C:\Users\steve\AndroidStudioProjects\Meteo-Mobile\.gradle\5.6.4\fileHashes)" [_thread_blocked, id=15792, stack(0x0000000021670000,0x0000000021770000)]
  0x000000001a438000 JavaThread "Thread-200" [_thread_blocked, id=19640, stack(0x000000001dd30000,0x000000001de30000)]
  0x000000001a43b800 JavaThread "Stdin handler" [_thread_blocked, id=27276, stack(0x000000001d430000,0x000000001d530000)]
  0x000000001a43e000 JavaThread "Asynchronous log dispatcher for DefaultDaemonConnection: socket connection from /127.0.0.1:20787 to /127.0.0.1:21011" [_thread_blocked, id=21284, stack(0x000000001d330000,0x000000001d430000)]
  0x000000001a438800 JavaThread "Cancel handler" [_thread_blocked, id=6156, stack(0x0000000001600000,0x0000000001700000)]
  0x000000001a43e800 JavaThread "Handler for socket connection from /127.0.0.1:20787 to /127.0.0.1:21011" [_thread_in_native, id=16040, stack(0x0000000001500000,0x0000000001600000)]
  0x000000002109c000 JavaThread "Daemon worker Thread 4" [_thread_blocked, id=4560, stack(0x000000001ce30000,0x000000001cf30000)]
  0x0000000021098800 JavaThread "Daemon Thread 4" [_thread_blocked, id=10128, stack(0x0000000001400000,0x0000000001500000)]
  0x000000001ec8e800 JavaThread "MarlinRenderer Disposer" daemon [_thread_blocked, id=19448, stack(0x00000000291b0000,0x00000000292b0000)]
  0x000000001ec95800 JavaThread "Java2D Disposer" daemon [_thread_blocked, id=22576, stack(0x0000000029040000,0x0000000029140000)]
  0x000000002109a800 JavaThread "Cache worker for file content cache (C:\Users\steve\.gradle\caches\5.6.4\fileContent)" [_thread_blocked, id=20044, stack(0x0000000025f30000,0x0000000026030000)]
  0x000000002109d800 JavaThread "Memory manager" [_thread_blocked, id=17456, stack(0x00000000238b0000,0x00000000239b0000)]
  0x000000002109d000 JavaThread "Cache worker for execution history cache (C:\Users\steve\.gradle\caches\5.6.4\executionHistory)" [_thread_blocked, id=16392, stack(0x0000000022e50000,0x0000000022f50000)]
  0x000000001a3e3000 JavaThread "Cache worker for journal cache (C:\Users\steve\.gradle\caches\journal-1)" [_thread_blocked, id=23848, stack(0x000000001dc30000,0x000000001dd30000)]
  0x000000001a3e7800 JavaThread "File lock request listener" [_thread_in_native, id=12324, stack(0x000000001db30000,0x000000001dc30000)]
  0x000000001b958000 JavaThread "Cache worker for file hash cache (C:\Users\steve\.gradle\caches\5.6.4\fileHashes)" [_thread_blocked, id=26672, stack(0x000000001da30000,0x000000001db30000)]
  0x000000001b861000 JavaThread "Daemon periodic checks" [_thread_blocked, id=17040, stack(0x000000001cd30000,0x000000001ce30000)]
  0x000000001b866800 JavaThread "Incoming local TCP Connector on port 20787" [_thread_in_native, id=12268, stack(0x000000001cac0000,0x000000001cbc0000)]
  0x000000001b7b2800 JavaThread "Daemon health stats" [_thread_blocked, id=17748, stack(0x000000001c480000,0x000000001c580000)]
  0x0000000018e8b000 JavaThread "Service Thread" daemon [_thread_blocked, id=2728, stack(0x0000000019ae0000,0x0000000019be0000)]
  0x0000000018dfa000 JavaThread "C1 CompilerThread3" daemon [_thread_blocked, id=27612, stack(0x00000000199e0000,0x0000000019ae0000)]
=>0x0000000018df6800 JavaThread "C2 CompilerThread2" daemon [_thread_in_native, id=16968, stack(0x00000000198e0000,0x00000000199e0000)]
  0x0000000018de9800 JavaThread "C2 CompilerThread1" daemon [_thread_in_native, id=20180, stack(0x00000000197e0000,0x00000000198e0000)]
  0x0000000018de4000 JavaThread "C2 CompilerThread0" daemon [_thread_in_native, id=9432, stack(0x00000000196e0000,0x00000000197e0000)]
  0x0000000018de1800 JavaThread "Attach Listener" daemon [_thread_blocked, id=11904, stack(0x00000000195e0000,0x00000000196e0000)]
  0x0000000018de0800 JavaThread "Signal Dispatcher" daemon [_thread_blocked, id=7744, stack(0x00000000194e0000,0x00000000195e0000)]
  0x0000000018dd0800 JavaThread "Finalizer" daemon [_thread_blocked, id=14192, stack(0x00000000192b0000,0x00000000193b0000)]
  0x0000000016f9c800 JavaThread "Reference Handler" daemon [_thread_blocked, id=9132, stack(0x00000000191b0000,0x00000000192b0000)]
  0x00000000030e2800 JavaThread "main" [_thread_blocked, id=8132, stack(0x0000000002fd0000,0x00000000030d0000)]

Other Threads:
  0x0000000016f96000 VMThread [stack: 0x0000000018cb0000,0x0000000018db0000] [id=19912]
  0x0000000018e8c000 WatcherThread [stack: 0x0000000019be0000,0x0000000019ce0000] [id=21792]

VM state:not at safepoint (normal execution)

VM Mutex/Monitor currently owned by a thread: None

heap address: 0x00000000a0000000, size: 1536 MB, Compressed Oops mode: 32-bit
Narrow klass base: 0x0000000000000000, Narrow klass shift: 3
Compressed class space size: 1073741824 Address: 0x0000000100000000

Heap:
 PSYoungGen      total 471552K, used 419529K [0x00000000e0000000, 0x0000000100000000, 0x0000000100000000)
  eden space 430080K, 87% used [0x00000000e0000000,0x00000000f7162c68,0x00000000fa400000)
  from space 41472K, 99% used [0x00000000fd780000,0x00000000fffcfa48,0x0000000100000000)
  to   space 47104K, 0% used [0x00000000fa400000,0x00000000fa400000,0x00000000fd200000)
 ParOldGen       total 280064K, used 70255K [0x00000000a0000000, 0x00000000b1180000, 0x00000000e0000000)
  object space 280064K, 25% used [0x00000000a0000000,0x00000000a449be60,0x00000000b1180000)
 Metaspace       used 102691K, capacity 107870K, committed 107992K, reserved 1142784K
  class space    used 13115K, capacity 14263K, committed 14296K, reserved 1048576K

Card table byte_map: [0x00000000125a0000,0x00000000128b0000] byte_map_base: 0x00000000120a0000

Marking Bits: (ParMarkBitMap*) 0x0000000053b7f030
 Begin Bits: [0x00000000132b0000, 0x0000000014ab0000)
 End Bits:   [0x0000000014ab0000, 0x00000000162b0000)

Polling page: 0x0000000002f60000

CodeCache: size=245760Kb used=59191Kb max_used=59201Kb free=186568Kb
 bounds [0x00000000031e0000, 0x0000000006c10000, 0x00000000121e0000]
 total_blobs=17691 nmethods=16653 adapters=949
 compilation: enabled

Compilation events (10 events):
Event: 329.038 Thread 0x0000000018dfa000 21329       3       java.security.AccessControlContext::optimize (318 bytes)
Event: 329.040 Thread 0x0000000018dfa000 nmethod 21329 0x0000000006bfbad0 code [0x0000000006bfbe00, 0x0000000006bfd708]
Event: 329.043 Thread 0x0000000018de4000 nmethod 21309 0x0000000006c00550 code [0x0000000006c00700, 0x0000000006c01148]
Event: 329.043 Thread 0x0000000018de4000 21307   !   4       sun.reflect.GeneratedSerializationConstructorAccessor92::newInstance (49 bytes)
Event: 329.045 Thread 0x0000000018de4000 nmethod 21307 0x0000000006bbf2d0 code [0x0000000006bbf420, 0x0000000006bbf588]
Event: 329.045 Thread 0x0000000018de4000 21308   !   4       sun.reflect.GeneratedSerializationConstructorAccessor93::newInstance (49 bytes)
Event: 329.046 Thread 0x0000000018de4000 nmethod 21308 0x0000000006bf2ad0 code [0x0000000006bf2c20, 0x0000000006bf2d88]
Event: 329.046 Thread 0x0000000018de4000 21328       4       java.util.concurrent.locks.ReentrantReadWriteLock$ReadLock::lock (9 bytes)
Event: 329.050 Thread 0x0000000018de4000 nmethod 21328 0x0000000006bfe3d0 code [0x0000000006bfe540, 0x0000000006bfe7d8]
Event: 329.050 Thread 0x0000000018de4000 21332       4       org.gradle.execution.plan.DefaultExecutionPlan::selectNext (143 bytes)

GC Heap History (10 events):
Event: 125.105 GC heap before
{Heap before GC invocations=22 (full 3):
 PSYoungGen      total 487424K, used 464153K [0x00000000e0000000, 0x00000000fff80000, 0x0000000100000000)
  eden space 450560K, 100% used [0x00000000e0000000,0x00000000fb800000,0x00000000fb800000)
  from space 36864K, 36% used [0x00000000fdb80000,0x00000000fe8c65c8,0x00000000fff80000)
  to   space 36352K, 0% used [0x00000000fb800000,0x00000000fb800000,0x00000000fdb80000)
 ParOldGen       total 186880K, used 80829K [0x00000000a0000000, 0x00000000ab680000, 0x00000000e0000000)
  object space 186880K, 43% used [0x00000000a0000000,0x00000000a4eef448,0x00000000ab680000)
 Metaspace       used 86383K, capacity 89778K, committed 89944K, reserved 1128448K
  class space    used 11104K, capacity 11855K, committed 11864K, reserved 1048576K
Event: 125.138 GC heap after
Heap after GC invocations=22 (full 3):
 PSYoungGen      total 486912K, used 36339K [0x00000000e0000000, 0x0000000100000000, 0x0000000100000000)
  eden space 450560K, 0% used [0x00000000e0000000,0x00000000e0000000,0x00000000fb800000)
  from space 36352K, 99% used [0x00000000fb800000,0x00000000fdb7cff0,0x00000000fdb80000)
  to   space 37376K, 0% used [0x00000000fdb80000,0x00000000fdb80000,0x0000000100000000)
 ParOldGen       total 186880K, used 82573K [0x00000000a0000000, 0x00000000ab680000, 0x00000000e0000000)
  object space 186880K, 44% used [0x00000000a0000000,0x00000000a50a3528,0x00000000ab680000)
 Metaspace       used 86383K, capacity 89778K, committed 89944K, reserved 1128448K
  class space    used 11104K, capacity 11855K, committed 11864K, reserved 1048576K
}
Event: 221.053 GC heap before
{Heap before GC invocations=23 (full 3):
 PSYoungGen      total 486912K, used 376486K [0x00000000e0000000, 0x0000000100000000, 0x0000000100000000)
  eden space 450560K, 75% used [0x00000000e0000000,0x00000000f4c2c8d0,0x00000000fb800000)
  from space 36352K, 99% used [0x00000000fb800000,0x00000000fdb7cff0,0x00000000fdb80000)
  to   space 37376K, 0% used [0x00000000fdb80000,0x00000000fdb80000,0x0000000100000000)
 ParOldGen       total 186880K, used 82573K [0x00000000a0000000, 0x00000000ab680000, 0x00000000e0000000)
  object space 186880K, 44% used [0x00000000a0000000,0x00000000a50a3528,0x00000000ab680000)
 Metaspace       used 94162K, capacity 98342K, committed 98496K, reserved 1134592K
  class space    used 12129K, capacity 13019K, committed 13144K, reserved 1048576K
Event: 221.072 GC heap after
Heap after GC invocations=23 (full 3):
 PSYoungGen      total 480768K, used 21329K [0x00000000e0000000, 0x0000000100000000, 0x0000000100000000)
  eden space 443392K, 0% used [0x00000000e0000000,0x00000000e0000000,0x00000000fb100000)
  from space 37376K, 57% used [0x00000000fdb80000,0x00000000ff054540,0x0000000100000000)
  to   space 40448K, 0% used [0x00000000fb100000,0x00000000fb100000,0x00000000fd880000)
 ParOldGen       total 186880K, used 88961K [0x00000000a0000000, 0x00000000ab680000, 0x00000000e0000000)
  object space 186880K, 47% used [0x00000000a0000000,0x00000000a56e0530,0x00000000ab680000)
 Metaspace       used 94162K, capacity 98342K, committed 98496K, reserved 1134592K
  class space    used 12129K, capacity 13019K, committed 13144K, reserved 1048576K
}
Event: 221.072 GC heap before
{Heap before GC invocations=24 (full 4):
 PSYoungGen      total 480768K, used 21329K [0x00000000e0000000, 0x0000000100000000, 0x0000000100000000)
  eden space 443392K, 0% used [0x00000000e0000000,0x00000000e0000000,0x00000000fb100000)
  from space 37376K, 57% used [0x00000000fdb80000,0x00000000ff054540,0x0000000100000000)
  to   space 40448K, 0% used [0x00000000fb100000,0x00000000fb100000,0x00000000fd880000)
 ParOldGen       total 186880K, used 88961K [0x00000000a0000000, 0x00000000ab680000, 0x00000000e0000000)
  object space 186880K, 47% used [0x00000000a0000000,0x00000000a56e0530,0x00000000ab680000)
 Metaspace       used 94162K, capacity 98342K, committed 98496K, reserved 1134592K
  class space    used 12129K, capacity 13019K, committed 13144K, reserved 1048576K
Event: 221.250 GC heap after
Heap after GC invocations=24 (full 4):
 PSYoungGen      total 480768K, used 0K [0x00000000e0000000, 0x0000000100000000, 0x0000000100000000)
  eden space 443392K, 0% used [0x00000000e0000000,0x00000000e0000000,0x00000000fb100000)
  from space 37376K, 0% used [0x00000000fdb80000,0x00000000fdb80000,0x0000000100000000)
  to   space 40448K, 0% used [0x00000000fb100000,0x00000000fb100000,0x00000000fd880000)
 ParOldGen       total 280064K, used 70239K [0x00000000a0000000, 0x00000000b1180000, 0x00000000e0000000)
  object space 280064K, 25% used [0x00000000a0000000,0x00000000a4497e60,0x00000000b1180000)
 Metaspace       used 93941K, capacity 97726K, committed 98496K, reserved 1134592K
  class space    used 12063K, capacity 12881K, committed 13144K, reserved 1048576K
}
Event: 224.267 GC heap before
{Heap before GC invocations=25 (full 4):
 PSYoungGen      total 480768K, used 443392K [0x00000000e0000000, 0x0000000100000000, 0x0000000100000000)
  eden space 443392K, 100% used [0x00000000e0000000,0x00000000fb100000,0x00000000fb100000)
  from space 37376K, 0% used [0x00000000fdb80000,0x00000000fdb80000,0x0000000100000000)
  to   space 40448K, 0% used [0x00000000fb100000,0x00000000fb100000,0x00000000fd880000)
 ParOldGen       total 280064K, used 70239K [0x00000000a0000000, 0x00000000b1180000, 0x00000000e0000000)
  object space 280064K, 25% used [0x00000000a0000000,0x00000000a4497e60,0x00000000b1180000)
 Metaspace       used 98133K, capacity 102476K, committed 102744K, reserved 1138688K
  class space    used 12614K, capacity 13530K, committed 13656K, reserved 1048576K
Event: 224.287 GC heap after
Heap after GC invocations=25 (full 4):
 PSYoungGen      total 471040K, used 27542K [0x00000000e0000000, 0x0000000100000000, 0x0000000100000000)
  eden space 443392K, 0% used [0x00000000e0000000,0x00000000e0000000,0x00000000fb100000)
  from space 27648K, 99% used [0x00000000fb100000,0x00000000fcbe5b88,0x00000000fcc00000)
  to   space 41472K, 0% used [0x00000000fd780000,0x00000000fd780000,0x0000000100000000)
 ParOldGen       total 280064K, used 70247K [0x00000000a0000000, 0x00000000b1180000, 0x00000000e0000000)
  object space 280064K, 25% used [0x00000000a0000000,0x00000000a4499e60,0x00000000b1180000)
 Metaspace       used 98133K, capacity 102476K, committed 102744K, reserved 1138688K
  class space    used 12614K, capacity 13530K, committed 13656K, reserved 1048576K
}
Event: 319.242 GC heap before
{Heap before GC invocations=26 (full 4):
 PSYoungGen      total 471040K, used 470934K [0x00000000e0000000, 0x0000000100000000, 0x0000000100000000)
  eden space 443392K, 100% used [0x00000000e0000000,0x00000000fb100000,0x00000000fb100000)
  from space 27648K, 99% used [0x00000000fb100000,0x00000000fcbe5b88,0x00000000fcc00000)
  to   space 41472K, 0% used [0x00000000fd780000,0x00000000fd780000,0x0000000100000000)
 ParOldGen       total 280064K, used 70247K [0x00000000a0000000, 0x00000000b1180000, 0x00000000e0000000)
  object space 280064K, 25% used [0x00000000a0000000,0x00000000a4499e60,0x00000000b1180000)
 Metaspace       used 102141K, capacity 107300K, committed 107352K, reserved 1142784K
  class space    used 13071K, capacity 14165K, committed 14168K, reserved 1048576K
Event: 319.283 GC heap after
Heap after GC invocations=26 (full 4):
 PSYoungGen      total 471552K, used 41278K [0x00000000e0000000, 0x0000000100000000, 0x0000000100000000)
  eden space 430080K, 0% used [0x00000000e0000000,0x00000000e0000000,0x00000000fa400000)
  from space 41472K, 99% used [0x00000000fd780000,0x00000000fffcfa48,0x0000000100000000)
  to   space 47104K, 0% used [0x00000000fa400000,0x00000000fa400000,0x00000000fd200000)
 ParOldGen       total 280064K, used 70255K [0x00000000a0000000, 0x00000000b1180000, 0x00000000e0000000)
  object space 280064K, 25% used [0x00000000a0000000,0x00000000a449be60,0x00000000b1180000)
 Metaspace       used 102141K, capacity 107300K, committed 107352K, reserved 1142784K
  class space    used 13071K, capacity 14165K, committed 14168K, reserved 1048576K
}

Deoptimization events (10 events):
Event: 327.304 Thread 0x000000001ec99000 Uncommon trap: reason=null_check action=make_not_entrant pc=0x0000000006a301d8 method=com.sun.org.apache.xerces.internal.dom.NamedNodeMapImpl.findNamePoint(Ljava/lang/String;Ljava/lang/String;)I @ 76
Event: 327.304 Thread 0x000000001ec99000 Uncommon trap: reason=null_check action=make_not_entrant pc=0x0000000004534b18 method=com.sun.org.apache.xerces.internal.dom.NamedNodeMapImpl.findNamePoint(Ljava/lang/String;Ljava/lang/String;)I @ 76
Event: 328.077 Thread 0x000000001ec99000 Uncommon trap: reason=class_check action=maybe_recompile pc=0x000000000458a000 method=com.google.common.collect.StandardTable$Row.computeBackingRowMap()Ljava/util/Map; @ 11
Event: 328.077 Thread 0x000000001ec99000 Uncommon trap: reason=bimorphic action=maybe_recompile pc=0x0000000004eea2b8 method=com.google.common.collect.Maps.safeGet(Ljava/util/Map;Ljava/lang/Object;)Ljava/lang/Object; @ 7
Event: 328.077 Thread 0x000000001ec99000 Uncommon trap: reason=class_check action=maybe_recompile pc=0x000000000458a000 method=com.google.common.collect.StandardTable$Row.computeBackingRowMap()Ljava/util/Map; @ 11
Event: 328.077 Thread 0x000000001ec99000 Uncommon trap: reason=bimorphic action=maybe_recompile pc=0x0000000004eea2b8 method=com.google.common.collect.Maps.safeGet(Ljava/util/Map;Ljava/lang/Object;)Ljava/lang/Object; @ 7
Event: 328.077 Thread 0x000000001ec99000 Uncommon trap: reason=class_check action=maybe_recompile pc=0x000000000458a000 method=com.google.common.collect.StandardTable$Row.computeBackingRowMap()Ljava/util/Map; @ 11
Event: 328.077 Thread 0x000000001ec99000 Uncommon trap: reason=bimorphic action=maybe_recompile pc=0x0000000004eea2b8 method=com.google.common.collect.Maps.safeGet(Ljava/util/Map;Ljava/lang/Object;)Ljava/lang/Object; @ 7
Event: 328.077 Thread 0x000000001ec99000 Uncommon trap: reason=class_check action=maybe_recompile pc=0x000000000458a000 method=com.google.common.collect.StandardTable$Row.computeBackingRowMap()Ljava/util/Map; @ 11
Event: 328.077 Thread 0x000000001ec99000 Uncommon trap: reason=bimorphic action=maybe_recompile pc=0x0000000004eea2b8 method=com.google.common.collect.Maps.safeGet(Ljava/util/Map;Ljava/lang/Object;)Ljava/lang/Object; @ 7

Classes redefined (0 events):
No events

Internal exceptions (10 events):
Event: 318.781 Thread 0x000000002109c000 Exception <a 'java/lang/NoSuchMethodError': <clinit>> (0x00000000f95b9850) thrown at [C:\src\AOSP-openjdk-git\hotspot\src\share\vm\prims\jni.cpp, line 1615]
Event: 318.782 Thread 0x000000002109c000 Exception <a 'java/lang/NoSuchMethodError': <clinit>> (0x00000000f95f1ba8) thrown at [C:\src\AOSP-openjdk-git\hotspot\src\share\vm\prims\jni.cpp, line 1615]
Event: 318.785 Thread 0x000000002109c000 Exception <a 'java/lang/reflect/InvocationTargetException'> (0x00000000f96827c8) thrown at [C:\src\AOSP-openjdk-git\hotspot\src\share\vm\runtime\reflection.cpp, line 1092]
Event: 319.965 Thread 0x000000002109c000 Exception <a 'java/lang/ClassNotFoundException': org/jetbrains/plugins/gradle/tooling/util/JavaPluginUtilBeanInfo> (0x00000000e21fee98) thrown at [C:\src\AOSP-openjdk-git\hotspot\src\share\vm\classfile\systemDictionary.cpp, line 210]
Event: 319.966 Thread 0x000000002109c000 Exception <a 'java/lang/ClassNotFoundException': org/jetbrains/plugins/gradle/tooling/util/JavaPluginUtilCustomizer> (0x00000000e2211498) thrown at [C:\src\AOSP-openjdk-git\hotspot\src\share\vm\classfile\systemDictionary.cpp, line 210]
Event: 320.014 Thread 0x000000002109c000 Exception <a 'sun/nio/fs/WindowsException'> (0x00000000e2679a68) thrown at [C:\src\AOSP-openjdk-git\hotspot\src\share\vm\prims\jni.cpp, line 710]
Event: 327.085 Thread 0x000000001ec99000 Exception <a 'java/lang/NoSuchMethodError': java.lang.Object.lambda$comparingByKey$bbdbfea9$1(Ljava/util/Map$Entry;Ljava/util/Map$Entry;)I> (0x00000000eab50660) thrown at [C:\src\AOSP-openjdk-git\hotspot\src\share\vm\interpreter\linkResolver.cpp, line 620
Event: 327.156 Thread 0x000000001ec99000 Implicit null exception at 0x0000000003f8f51e to 0x0000000003f8f6a1
Event: 327.304 Thread 0x000000001ec99000 Implicit null exception at 0x0000000006a2fb74 to 0x0000000006a301c7
Event: 327.304 Thread 0x000000001ec99000 Implicit null exception at 0x00000000045345d7 to 0x0000000004534ae7

Events (10 events):
Event: 329.030 Thread 0x000000001df96800 Thread added: 0x000000001df96800
Event: 329.030 Thread 0x000000001df99000 Thread added: 0x000000001df99000
Event: 329.034 Thread 0x000000001df93800 Thread added: 0x000000001df93800
Event: 329.035 Thread 0x000000001df96000 Thread added: 0x000000001df96000
Event: 329.038 Thread 0x000000001df97800 Thread added: 0x000000001df97800
Event: 329.038 Thread 0x000000001df99800 Thread added: 0x000000001df99800
Event: 329.052 Thread 0x000000001df98000 Thread added: 0x000000001df98000
Event: 329.052 Thread 0x000000001df94800 Thread added: 0x000000001df94800
Event: 329.064 Thread 0x000000001df95000 Thread added: 0x000000001df95000
Event: 329.064 Thread 0x000000001df9f000 Thread added: 0x000000001df9f000


Dynamic libraries:
0x00007ff79cbf0000 - 0x00007ff79cc21000 	C:\Program Files\Android\Android Studio1\jre\bin\java.exe
0x00007ffcab240000 - 0x00007ffcab430000 	C:\WINDOWS\SYSTEM32\ntdll.dll
0x00007ffcaa550000 - 0x00007ffcaa602000 	C:\WINDOWS\System32\KERNEL32.DLL
0x00007ffca8c90000 - 0x00007ffca8f35000 	C:\WINDOWS\System32\KERNELBASE.dll
0x00007ffcaa300000 - 0x00007ffcaa3a3000 	C:\WINDOWS\System32\ADVAPI32.dll
0x00007ffcaa930000 - 0x00007ffcaa9ce000 	C:\WINDOWS\System32\msvcrt.dll
0x00007ffca9320000 - 0x00007ffca93b7000 	C:\WINDOWS\System32\sechost.dll
0x00007ffca99f0000 - 0x00007ffca9b0f000 	C:\WINDOWS\System32\RPCRT4.dll
0x00007ffcaa610000 - 0x00007ffcaa7a4000 	C:\WINDOWS\System32\USER32.dll
0x00007ffca84b0000 - 0x00007ffca84d1000 	C:\WINDOWS\System32\win32u.dll
0x00007ffca92f0000 - 0x00007ffca9316000 	C:\WINDOWS\System32\GDI32.dll
0x00007ffca9030000 - 0x00007ffca91c8000 	C:\WINDOWS\System32\gdi32full.dll
0x00007ffca8f40000 - 0x00007ffca8fde000 	C:\WINDOWS\System32\msvcp_win.dll
0x00007ffca91d0000 - 0x00007ffca92ca000 	C:\WINDOWS\System32\ucrtbase.dll
0x00007ffc99f30000 - 0x00007ffc9a1b4000 	C:\WINDOWS\WinSxS\amd64_microsoft.windows.common-controls_6595b64144ccf1df_6.0.18362.1379_none_9e7ff3b3e45cc0c4\COMCTL32.dll
0x00007ffca9430000 - 0x00007ffca9767000 	C:\WINDOWS\System32\combase.dll
0x00007ffca81c0000 - 0x00007ffca8241000 	C:\WINDOWS\System32\bcryptPrimitives.dll
0x00007ffcaa2d0000 - 0x00007ffcaa2fe000 	C:\WINDOWS\System32\IMM32.DLL
0x0000000050ff0000 - 0x00000000510c2000 	C:\Program Files\Android\Android Studio1\jre\jre\bin\msvcr100.dll
0x00000000533b0000 - 0x0000000053bfb000 	C:\Program Files\Android\Android Studio1\jre\jre\bin\server\jvm.dll
0x00007ffcaa7b0000 - 0x00007ffcaa7b8000 	C:\WINDOWS\System32\PSAPI.DLL
0x00007ffca35e0000 - 0x00007ffca3604000 	C:\WINDOWS\SYSTEM32\WINMM.dll
0x00007ffc9f7b0000 - 0x00007ffc9f7ba000 	C:\WINDOWS\SYSTEM32\VERSION.dll
0x00007ffca3810000 - 0x00007ffca3819000 	C:\WINDOWS\SYSTEM32\WSOCK32.dll
0x00007ffca9cd0000 - 0x00007ffca9d3f000 	C:\WINDOWS\System32\WS2_32.dll
0x00007ffca3560000 - 0x00007ffca358d000 	C:\WINDOWS\SYSTEM32\winmmbase.dll
0x00007ffca8fe0000 - 0x00007ffca902a000 	C:\WINDOWS\System32\cfgmgr32.dll
0x00007ffca6220000 - 0x00007ffca622f000 	C:\Program Files\Android\Android Studio1\jre\jre\bin\verify.dll
0x00007ffca2170000 - 0x00007ffca2199000 	C:\Program Files\Android\Android Studio1\jre\jre\bin\java.dll
0x00007ffca3290000 - 0x00007ffca32a6000 	C:\Program Files\Android\Android Studio1\jre\jre\bin\zip.dll
0x00007ffcaa9d0000 - 0x00007ffcab0b8000 	C:\WINDOWS\System32\SHELL32.dll
0x00007ffca9d40000 - 0x00007ffca9de7000 	C:\WINDOWS\System32\shcore.dll
0x00007ffca8510000 - 0x00007ffca8c8b000 	C:\WINDOWS\System32\windows.storage.dll
0x00007ffca8170000 - 0x00007ffca8193000 	C:\WINDOWS\System32\profapi.dll
0x00007ffca8100000 - 0x00007ffca814a000 	C:\WINDOWS\System32\powrprof.dll
0x00007ffca80f0000 - 0x00007ffca8100000 	C:\WINDOWS\System32\UMPDC.dll
0x00007ffcab1a0000 - 0x00007ffcab1f2000 	C:\WINDOWS\System32\shlwapi.dll
0x00007ffca8150000 - 0x00007ffca8161000 	C:\WINDOWS\System32\kernel.appcore.dll
0x00007ffca92d0000 - 0x00007ffca92e7000 	C:\WINDOWS\System32\cryptsp.dll
0x00007ffca1eb0000 - 0x00007ffca1eca000 	C:\Program Files\Android\Android Studio1\jre\jre\bin\net.dll
0x00007ffca7930000 - 0x00007ffca7997000 	C:\WINDOWS\system32\mswsock.dll
0x00007ffc9abd0000 - 0x00007ffc9abe3000 	C:\Program Files\Android\Android Studio1\jre\jre\bin\nio.dll
0x00007ffc991e0000 - 0x00007ffc99206000 	C:\Users\steve\.gradle\native\30\windows-amd64\native-platform.dll
0x00007ffca6200000 - 0x00007ffca620d000 	C:\Program Files\Android\Android Studio1\jre\jre\bin\management.dll
0x00007ffca74b0000 - 0x00007ffca74e3000 	C:\WINDOWS\system32\rsaenh.dll
0x00007ffca84e0000 - 0x00007ffca8506000 	C:\WINDOWS\System32\bcrypt.dll
0x00007ffca8010000 - 0x00007ffca8035000 	C:\WINDOWS\SYSTEM32\USERENV.dll
0x00007ffca7b00000 - 0x00007ffca7b0c000 	C:\WINDOWS\SYSTEM32\CRYPTBASE.dll
0x00007ffca7640000 - 0x00007ffca767a000 	C:\WINDOWS\SYSTEM32\IPHLPAPI.DLL
0x00007ffcaa7c0000 - 0x00007ffcaa7c8000 	C:\WINDOWS\System32\NSI.dll
0x00007ffca12e0000 - 0x00007ffca12f6000 	C:\WINDOWS\SYSTEM32\dhcpcsvc6.DLL
0x00007ffca0e80000 - 0x00007ffca0e9c000 	C:\WINDOWS\SYSTEM32\dhcpcsvc.DLL
0x00007ffca7680000 - 0x00007ffca774b000 	C:\WINDOWS\SYSTEM32\DNSAPI.dll
0x00007ffca1e20000 - 0x00007ffca1e44000 	C:\Program Files\Android\Android Studio1\jre\jre\bin\sunec.dll
0x00007ffc9a7e0000 - 0x00007ffc9a7ea000 	C:\Windows\System32\rasadhlp.dll
0x00007ffc9f870000 - 0x00007ffc9f8e7000 	C:\WINDOWS\System32\fwpuclnt.dll
0x00007ffca3830000 - 0x00007ffca383b000 	C:\Program Files\Android\Android Studio1\jre\jre\bin\sunmscapi.dll
0x00007ffca8250000 - 0x00007ffca839a000 	C:\WINDOWS\System32\CRYPT32.dll
0x00007ffca81a0000 - 0x00007ffca81b2000 	C:\WINDOWS\System32\MSASN1.dll
0x00007ffca7130000 - 0x00007ffca7161000 	C:\WINDOWS\SYSTEM32\ntmarta.dll
0x00007ffca5960000 - 0x00007ffca59ef000 	C:\WINDOWS\system32\apphelp.dll
0x00007ffc74510000 - 0x00007ffc746ac000 	C:\Program Files\Android\Android Studio1\jre\jre\bin\awt.dll
0x00007ffca9770000 - 0x00007ffca9835000 	C:\WINDOWS\System32\OLEAUT32.dll
0x00007ffca67a0000 - 0x00007ffca67cd000 	C:\WINDOWS\SYSTEM32\dwmapi.dll
0x00007ffca3e40000 - 0x00007ffca4400000 	C:\WINDOWS\SYSTEM32\d2d1.dll
0x00007ffca62e0000 - 0x00007ffca6379000 	C:\WINDOWS\system32\uxtheme.dll
0x00007ffc978e0000 - 0x00007ffc978fe000 	C:\Users\steve\AppData\Local\Temp\native-platform3811920709950394284dir\native-platform.dll

VM Arguments:
jvm_args: -Xmx1536m -Dfile.encoding=windows-1252 -Duser.country=FR -Duser.language=fr -Duser.variant 
java_command: org.gradle.launcher.daemon.bootstrap.GradleDaemon 5.6.4
java_class_path (initial): C:\Users\steve\.gradle\wrapper\dists\gradle-5.6.4-all\ankdp27end7byghfw1q2sw75f\gradle-5.6.4\lib\gradle-launcher-5.6.4.jar
Launcher Type: SUN_STANDARD

Environment Variables:
JAVA_HOME=C:\Program Files\Java\jdk-10.0.1
USERNAME=Moi
OS=Windows_NT
PROCESSOR_IDENTIFIER=Intel64 Family 6 Model 158 Stepping 9, GenuineIntel



---------------  S Y S T E M  ---------------

OS: Windows 10.0 , 64 bit Build 18362 (10.0.18362.1350)

CPU:total 8 (initial active 8) (4 cores per cpu, 2 threads per core) family 6 model 158 stepping 9, cmov, cx8, fxsr, mmx, sse, sse2, sse3, ssse3, sse4.1, sse4.2, popcnt, avx, avx2, aes, clmul, erms, 3dnowpref, lzcnt, ht, tsc, tscinvbit, bmi1, bmi2, adx

Memory: 4k page, physical 16662204k(1068692k free), swap 22806204k(3532k free)

vm_info: OpenJDK 64-Bit Server VM (25.242-b01) for windows-amd64 JRE (1.8.0_242-release-1644-b01), built by "builder" with MS VC++ 10.0 (VS2010)

time: Tue Mar 02 15:18:02 2021
timezone: Paris, Madrid
elapsed time: 329 seconds (0d 0h 5m 29s)

